2020-06-30 13:30:58,741 ERROR 3316 nodejs.ClusterClientNoResponseError: client no response in 4265600ms exceeding maxIdleTime 60000ms, maybe the connection is close on other side.
    at Timeout._onTimeout (D:\User\桌面\shopping\server\node_modules\_cluster-client@3.0.1@cluster-client\lib\leader.js:77:23)
    at listOnTimeout (internal/timers.js:549:17)
    at processTimers (internal/timers.js:492:7)
name: "ClusterClientNoResponseError"
pid: 3316
hostname: DESKTOP-2CVGEN6

2020-06-30 21:27:40,844 ERROR 3316 nodejs.ClusterClientNoResponseError: client no response in 9441531ms exceeding maxIdleTime 60000ms, maybe the connection is close on other side.
    at Timeout._onTimeout (D:\User\桌面\shopping\server\node_modules\_cluster-client@3.0.1@cluster-client\lib\leader.js:77:23)
    at listOnTimeout (internal/timers.js:549:17)
    at processTimers (internal/timers.js:492:7)
name: "ClusterClientNoResponseError"
pid: 3316
hostname: DESKTOP-2CVGEN6

2020-07-01 13:26:42,054 ERROR 472 nodejs.ClusterClientNoResponseError: client no response in 3578167ms exceeding maxIdleTime 60000ms, maybe the connection is close on other side.
    at Timeout._onTimeout (D:\User\桌面\shopping\server\node_modules\_cluster-client@3.0.1@cluster-client\lib\leader.js:77:23)
    at listOnTimeout (internal/timers.js:549:17)
    at processTimers (internal/timers.js:492:7)
name: "ClusterClientNoResponseError"
pid: 472
hostname: DESKTOP-2CVGEN6

2020-07-01 19:17:39,178 ERROR 1604 [-/127.0.0.1/-/6ms POST /v1/order] nodejs.TypeError: Cannot read property 'length' of undefined
    at OperatingGoodsController.order (D:\User\桌面\shopping\server\app\controller\api\operatingGoods.js:178:42)
    at Object.callFn (D:\User\桌面\shopping\server\node_modules\_egg-core@4.17.4@egg-core\lib\utils\index.js:44:21)
    at Object.classControllerMiddleware (D:\User\桌面\shopping\server\node_modules\_egg-core@4.17.4@egg-core\lib\loader\mixin\controller.js:87:20)
    at Object.callFn (D:\User\桌面\shopping\server\node_modules\_@eggjs_router@2.0.0@@eggjs\router\lib\utils.js:12:21)
    at wrappedController (D:\User\桌面\shopping\server\node_modules\_@eggjs_router@2.0.0@@eggjs\router\lib\egg_router.js:322:18)
    at dispatch (D:\User\桌面\shopping\server\node_modules\_koa-compose@3.2.1@koa-compose\index.js:44:32)
    at next (D:\User\桌面\shopping\server\node_modules\_koa-compose@3.2.1@koa-compose\index.js:45:18)
    at D:\User\桌面\shopping\server\node_modules\_@eggjs_router@2.0.0@@eggjs\router\lib\router.js:190:18
    at dispatch (D:\User\桌面\shopping\server\node_modules\_koa-compose@3.2.1@koa-compose\index.js:44:32)
    at D:\User\桌面\shopping\server\node_modules\_koa-compose@3.2.1@koa-compose\index.js:36:12
    at dispatch (D:\User\桌面\shopping\server\node_modules\_@eggjs_router@2.0.0@@eggjs\router\lib\router.js:195:33)
    at dispatch (D:\User\桌面\shopping\server\node_modules\_koa-compose@4.1.0@koa-compose\index.js:42:32)
    at D:\User\桌面\shopping\server\app\middleware\isLogin.js:15:19
    at dispatch (D:\User\桌面\shopping\server\node_modules\_koa-compose@4.1.0@koa-compose\index.js:42:32)
    at D:\User\桌面\shopping\server\node_modules\_egg-development@2.5.0@egg-development\app\middleware\egg_loader_trace.js:9:56
    at dispatch (D:\User\桌面\shopping\server\node_modules\_koa-compose@4.1.0@koa-compose\index.js:42:32)

pid: 1604
hostname: DESKTOP-2CVGEN6

2020-07-01 19:18:28,386 ERROR 1604 [-/127.0.0.1/-/2ms POST /v1/order] nodejs.TypeError: Cannot read property 'length' of undefined
    at OperatingGoodsController.order (D:\User\桌面\shopping\server\app\controller\api\operatingGoods.js:178:42)
    at Object.callFn (D:\User\桌面\shopping\server\node_modules\_egg-core@4.17.4@egg-core\lib\utils\index.js:44:21)
    at Object.classControllerMiddleware (D:\User\桌面\shopping\server\node_modules\_egg-core@4.17.4@egg-core\lib\loader\mixin\controller.js:87:20)
    at Object.callFn (D:\User\桌面\shopping\server\node_modules\_@eggjs_router@2.0.0@@eggjs\router\lib\utils.js:12:21)
    at wrappedController (D:\User\桌面\shopping\server\node_modules\_@eggjs_router@2.0.0@@eggjs\router\lib\egg_router.js:322:18)
    at dispatch (D:\User\桌面\shopping\server\node_modules\_koa-compose@3.2.1@koa-compose\index.js:44:32)
    at next (D:\User\桌面\shopping\server\node_modules\_koa-compose@3.2.1@koa-compose\index.js:45:18)
    at D:\User\桌面\shopping\server\node_modules\_@eggjs_router@2.0.0@@eggjs\router\lib\router.js:190:18
    at dispatch (D:\User\桌面\shopping\server\node_modules\_koa-compose@3.2.1@koa-compose\index.js:44:32)
    at D:\User\桌面\shopping\server\node_modules\_koa-compose@3.2.1@koa-compose\index.js:36:12
    at dispatch (D:\User\桌面\shopping\server\node_modules\_@eggjs_router@2.0.0@@eggjs\router\lib\router.js:195:33)
    at dispatch (D:\User\桌面\shopping\server\node_modules\_koa-compose@4.1.0@koa-compose\index.js:42:32)
    at D:\User\桌面\shopping\server\app\middleware\isLogin.js:15:19
    at dispatch (D:\User\桌面\shopping\server\node_modules\_koa-compose@4.1.0@koa-compose\index.js:42:32)
    at D:\User\桌面\shopping\server\node_modules\_egg-development@2.5.0@egg-development\app\middleware\egg_loader_trace.js:9:56
    at dispatch (D:\User\桌面\shopping\server\node_modules\_koa-compose@4.1.0@koa-compose\index.js:42:32)

pid: 1604
hostname: DESKTOP-2CVGEN6

2020-07-01 19:20:05,724 ERROR 1604 [-/127.0.0.1/-/2ms POST /v1/order] nodejs.TypeError: Cannot read property 'length' of undefined
    at OperatingGoodsController.order (D:\User\桌面\shopping\server\app\controller\api\operatingGoods.js:178:42)
    at Object.callFn (D:\User\桌面\shopping\server\node_modules\_egg-core@4.17.4@egg-core\lib\utils\index.js:44:21)
    at Object.classControllerMiddleware (D:\User\桌面\shopping\server\node_modules\_egg-core@4.17.4@egg-core\lib\loader\mixin\controller.js:87:20)
    at Object.callFn (D:\User\桌面\shopping\server\node_modules\_@eggjs_router@2.0.0@@eggjs\router\lib\utils.js:12:21)
    at wrappedController (D:\User\桌面\shopping\server\node_modules\_@eggjs_router@2.0.0@@eggjs\router\lib\egg_router.js:322:18)
    at dispatch (D:\User\桌面\shopping\server\node_modules\_koa-compose@3.2.1@koa-compose\index.js:44:32)
    at next (D:\User\桌面\shopping\server\node_modules\_koa-compose@3.2.1@koa-compose\index.js:45:18)
    at D:\User\桌面\shopping\server\node_modules\_@eggjs_router@2.0.0@@eggjs\router\lib\router.js:190:18
    at dispatch (D:\User\桌面\shopping\server\node_modules\_koa-compose@3.2.1@koa-compose\index.js:44:32)
    at D:\User\桌面\shopping\server\node_modules\_koa-compose@3.2.1@koa-compose\index.js:36:12
    at dispatch (D:\User\桌面\shopping\server\node_modules\_@eggjs_router@2.0.0@@eggjs\router\lib\router.js:195:33)
    at dispatch (D:\User\桌面\shopping\server\node_modules\_koa-compose@4.1.0@koa-compose\index.js:42:32)
    at D:\User\桌面\shopping\server\app\middleware\isLogin.js:15:19
    at dispatch (D:\User\桌面\shopping\server\node_modules\_koa-compose@4.1.0@koa-compose\index.js:42:32)
    at D:\User\桌面\shopping\server\node_modules\_egg-development@2.5.0@egg-development\app\middleware\egg_loader_trace.js:9:56
    at dispatch (D:\User\桌面\shopping\server\node_modules\_koa-compose@4.1.0@koa-compose\index.js:42:32)

pid: 1604
hostname: DESKTOP-2CVGEN6

2020-07-01 19:23:37,278 ERROR 1604 [-/127.0.0.1/-/2ms POST /v1/order] nodejs.TypeError: Cannot read property 'length' of undefined
    at OperatingGoodsController.order (D:\User\桌面\shopping\server\app\controller\api\operatingGoods.js:178:42)
    at Object.callFn (D:\User\桌面\shopping\server\node_modules\_egg-core@4.17.4@egg-core\lib\utils\index.js:44:21)
    at Object.classControllerMiddleware (D:\User\桌面\shopping\server\node_modules\_egg-core@4.17.4@egg-core\lib\loader\mixin\controller.js:87:20)
    at Object.callFn (D:\User\桌面\shopping\server\node_modules\_@eggjs_router@2.0.0@@eggjs\router\lib\utils.js:12:21)
    at wrappedController (D:\User\桌面\shopping\server\node_modules\_@eggjs_router@2.0.0@@eggjs\router\lib\egg_router.js:322:18)
    at dispatch (D:\User\桌面\shopping\server\node_modules\_koa-compose@3.2.1@koa-compose\index.js:44:32)
    at next (D:\User\桌面\shopping\server\node_modules\_koa-compose@3.2.1@koa-compose\index.js:45:18)
    at D:\User\桌面\shopping\server\node_modules\_@eggjs_router@2.0.0@@eggjs\router\lib\router.js:190:18
    at dispatch (D:\User\桌面\shopping\server\node_modules\_koa-compose@3.2.1@koa-compose\index.js:44:32)
    at D:\User\桌面\shopping\server\node_modules\_koa-compose@3.2.1@koa-compose\index.js:36:12
    at dispatch (D:\User\桌面\shopping\server\node_modules\_@eggjs_router@2.0.0@@eggjs\router\lib\router.js:195:33)
    at dispatch (D:\User\桌面\shopping\server\node_modules\_koa-compose@4.1.0@koa-compose\index.js:42:32)
    at D:\User\桌面\shopping\server\app\middleware\isLogin.js:15:19
    at dispatch (D:\User\桌面\shopping\server\node_modules\_koa-compose@4.1.0@koa-compose\index.js:42:32)
    at D:\User\桌面\shopping\server\node_modules\_egg-development@2.5.0@egg-development\app\middleware\egg_loader_trace.js:9:56
    at dispatch (D:\User\桌面\shopping\server\node_modules\_koa-compose@4.1.0@koa-compose\index.js:42:32)

pid: 1604
hostname: DESKTOP-2CVGEN6

2020-07-01 19:25:58,263 ERROR 1604 [-/127.0.0.1/-/3ms POST /v1/order] nodejs.TypeError: Cannot read property 'length' of undefined
    at OperatingGoodsController.order (D:\User\桌面\shopping\server\app\controller\api\operatingGoods.js:178:42)
    at Object.callFn (D:\User\桌面\shopping\server\node_modules\_egg-core@4.17.4@egg-core\lib\utils\index.js:44:21)
    at Object.classControllerMiddleware (D:\User\桌面\shopping\server\node_modules\_egg-core@4.17.4@egg-core\lib\loader\mixin\controller.js:87:20)
    at Object.callFn (D:\User\桌面\shopping\server\node_modules\_@eggjs_router@2.0.0@@eggjs\router\lib\utils.js:12:21)
    at wrappedController (D:\User\桌面\shopping\server\node_modules\_@eggjs_router@2.0.0@@eggjs\router\lib\egg_router.js:322:18)
    at dispatch (D:\User\桌面\shopping\server\node_modules\_koa-compose@3.2.1@koa-compose\index.js:44:32)
    at next (D:\User\桌面\shopping\server\node_modules\_koa-compose@3.2.1@koa-compose\index.js:45:18)
    at D:\User\桌面\shopping\server\node_modules\_@eggjs_router@2.0.0@@eggjs\router\lib\router.js:190:18
    at dispatch (D:\User\桌面\shopping\server\node_modules\_koa-compose@3.2.1@koa-compose\index.js:44:32)
    at D:\User\桌面\shopping\server\node_modules\_koa-compose@3.2.1@koa-compose\index.js:36:12
    at dispatch (D:\User\桌面\shopping\server\node_modules\_@eggjs_router@2.0.0@@eggjs\router\lib\router.js:195:33)
    at dispatch (D:\User\桌面\shopping\server\node_modules\_koa-compose@4.1.0@koa-compose\index.js:42:32)
    at D:\User\桌面\shopping\server\app\middleware\isLogin.js:15:19
    at dispatch (D:\User\桌面\shopping\server\node_modules\_koa-compose@4.1.0@koa-compose\index.js:42:32)
    at D:\User\桌面\shopping\server\node_modules\_egg-development@2.5.0@egg-development\app\middleware\egg_loader_trace.js:9:56
    at dispatch (D:\User\桌面\shopping\server\node_modules\_koa-compose@4.1.0@koa-compose\index.js:42:32)

pid: 1604
hostname: DESKTOP-2CVGEN6

2020-07-01 19:26:47,509 ERROR 1604 [-/127.0.0.1/-/2ms POST /v1/order] nodejs.TypeError: Cannot read property 'length' of undefined
    at OperatingGoodsController.order (D:\User\桌面\shopping\server\app\controller\api\operatingGoods.js:178:42)
    at Object.callFn (D:\User\桌面\shopping\server\node_modules\_egg-core@4.17.4@egg-core\lib\utils\index.js:44:21)
    at Object.classControllerMiddleware (D:\User\桌面\shopping\server\node_modules\_egg-core@4.17.4@egg-core\lib\loader\mixin\controller.js:87:20)
    at Object.callFn (D:\User\桌面\shopping\server\node_modules\_@eggjs_router@2.0.0@@eggjs\router\lib\utils.js:12:21)
    at wrappedController (D:\User\桌面\shopping\server\node_modules\_@eggjs_router@2.0.0@@eggjs\router\lib\egg_router.js:322:18)
    at dispatch (D:\User\桌面\shopping\server\node_modules\_koa-compose@3.2.1@koa-compose\index.js:44:32)
    at next (D:\User\桌面\shopping\server\node_modules\_koa-compose@3.2.1@koa-compose\index.js:45:18)
    at D:\User\桌面\shopping\server\node_modules\_@eggjs_router@2.0.0@@eggjs\router\lib\router.js:190:18
    at dispatch (D:\User\桌面\shopping\server\node_modules\_koa-compose@3.2.1@koa-compose\index.js:44:32)
    at D:\User\桌面\shopping\server\node_modules\_koa-compose@3.2.1@koa-compose\index.js:36:12
    at dispatch (D:\User\桌面\shopping\server\node_modules\_@eggjs_router@2.0.0@@eggjs\router\lib\router.js:195:33)
    at dispatch (D:\User\桌面\shopping\server\node_modules\_koa-compose@4.1.0@koa-compose\index.js:42:32)
    at D:\User\桌面\shopping\server\app\middleware\isLogin.js:15:19
    at dispatch (D:\User\桌面\shopping\server\node_modules\_koa-compose@4.1.0@koa-compose\index.js:42:32)
    at D:\User\桌面\shopping\server\node_modules\_egg-development@2.5.0@egg-development\app\middleware\egg_loader_trace.js:9:56
    at dispatch (D:\User\桌面\shopping\server\node_modules\_koa-compose@4.1.0@koa-compose\index.js:42:32)

pid: 1604
hostname: DESKTOP-2CVGEN6

2020-07-01 19:27:51,986 ERROR 1604 [-/127.0.0.1/-/13ms POST /v1/order] nodejs.TypeError: Cannot read property 'present_price' of null
    at OperatingGoodsController.order (D:\User\桌面\shopping\server\app\controller\api\operatingGoods.js:184:40)
    at runMicrotasks (<anonymous>)
    at processTicksAndRejections (internal/process/task_queues.js:97:5)
    at async D:\User\桌面\shopping\server\app\middleware\isLogin.js:15:13
    at async D:\User\桌面\shopping\server\node_modules\_egg-development@2.5.0@egg-development\app\middleware\egg_loader_trace.js:9:50
    at async xframe (D:\User\桌面\shopping\server\node_modules\_egg-security@2.8.0@egg-security\lib\middlewares\xframe.js:7:5)
    at async xssProtection (D:\User\桌面\shopping\server\node_modules\_egg-security@2.8.0@egg-security\lib\middlewares\xssProtection.js:7:5)
    at async nosniff (D:\User\桌面\shopping\server\node_modules\_egg-security@2.8.0@egg-security\lib\middlewares\nosniff.js:8:5)
    at async noopen (D:\User\桌面\shopping\server\node_modules\_egg-security@2.8.0@egg-security\lib\middlewares\noopen.js:8:5)
    at async session (D:\User\桌面\shopping\server\node_modules\_koa-session@6.0.0@koa-session\index.js:41:7)
    at async bodyParser (D:\User\桌面\shopping\server\node_modules\_koa-bodyparser@4.3.0@koa-bodyparser\index.js:95:5)
    at async D:\User\桌面\shopping\server\node_modules\_koa-static-cache@5.1.3@koa-static-cache\index.js:39:63
    at async notfound (D:\User\桌面\shopping\server\node_modules\_egg@2.26.1@egg\app\middleware\notfound.js:5:5)
    at async meta (D:\User\桌面\shopping\server\node_modules\_egg@2.26.1@egg\app\middleware\meta.js:12:5)

pid: 1604
hostname: DESKTOP-2CVGEN6

2020-07-01 19:28:57,478 ERROR 1604 [-/127.0.0.1/-/13ms POST /v1/order] nodejs.TypeError: Cannot read property 'present_price' of null
    at OperatingGoodsController.order (D:\User\桌面\shopping\server\app\controller\api\operatingGoods.js:184:40)
    at runMicrotasks (<anonymous>)
    at processTicksAndRejections (internal/process/task_queues.js:97:5)
    at async D:\User\桌面\shopping\server\app\middleware\isLogin.js:15:13
    at async D:\User\桌面\shopping\server\node_modules\_egg-development@2.5.0@egg-development\app\middleware\egg_loader_trace.js:9:50
    at async xframe (D:\User\桌面\shopping\server\node_modules\_egg-security@2.8.0@egg-security\lib\middlewares\xframe.js:7:5)
    at async xssProtection (D:\User\桌面\shopping\server\node_modules\_egg-security@2.8.0@egg-security\lib\middlewares\xssProtection.js:7:5)
    at async nosniff (D:\User\桌面\shopping\server\node_modules\_egg-security@2.8.0@egg-security\lib\middlewares\nosniff.js:8:5)
    at async noopen (D:\User\桌面\shopping\server\node_modules\_egg-security@2.8.0@egg-security\lib\middlewares\noopen.js:8:5)
    at async session (D:\User\桌面\shopping\server\node_modules\_koa-session@6.0.0@koa-session\index.js:41:7)
    at async bodyParser (D:\User\桌面\shopping\server\node_modules\_koa-bodyparser@4.3.0@koa-bodyparser\index.js:95:5)
    at async D:\User\桌面\shopping\server\node_modules\_koa-static-cache@5.1.3@koa-static-cache\index.js:39:63
    at async notfound (D:\User\桌面\shopping\server\node_modules\_egg@2.26.1@egg\app\middleware\notfound.js:5:5)
    at async meta (D:\User\桌面\shopping\server\node_modules\_egg@2.26.1@egg\app\middleware\meta.js:12:5)

pid: 1604
hostname: DESKTOP-2CVGEN6

2020-07-01 19:29:57,029 ERROR 1604 [-/127.0.0.1/-/2ms POST /v1/order] nodejs.TypeError: Cannot read property 'present_price' of null
    at OperatingGoodsController.order (D:\User\桌面\shopping\server\app\controller\api\operatingGoods.js:184:40)
    at runMicrotasks (<anonymous>)
    at processTicksAndRejections (internal/process/task_queues.js:97:5)
    at async D:\User\桌面\shopping\server\app\middleware\isLogin.js:15:13
    at async D:\User\桌面\shopping\server\node_modules\_egg-development@2.5.0@egg-development\app\middleware\egg_loader_trace.js:9:50
    at async xframe (D:\User\桌面\shopping\server\node_modules\_egg-security@2.8.0@egg-security\lib\middlewares\xframe.js:7:5)
    at async xssProtection (D:\User\桌面\shopping\server\node_modules\_egg-security@2.8.0@egg-security\lib\middlewares\xssProtection.js:7:5)
    at async nosniff (D:\User\桌面\shopping\server\node_modules\_egg-security@2.8.0@egg-security\lib\middlewares\nosniff.js:8:5)
    at async noopen (D:\User\桌面\shopping\server\node_modules\_egg-security@2.8.0@egg-security\lib\middlewares\noopen.js:8:5)
    at async session (D:\User\桌面\shopping\server\node_modules\_koa-session@6.0.0@koa-session\index.js:41:7)
    at async bodyParser (D:\User\桌面\shopping\server\node_modules\_koa-bodyparser@4.3.0@koa-bodyparser\index.js:95:5)
    at async D:\User\桌面\shopping\server\node_modules\_koa-static-cache@5.1.3@koa-static-cache\index.js:39:63
    at async notfound (D:\User\桌面\shopping\server\node_modules\_egg@2.26.1@egg\app\middleware\notfound.js:5:5)
    at async meta (D:\User\桌面\shopping\server\node_modules\_egg@2.26.1@egg\app\middleware\meta.js:12:5)

pid: 1604
hostname: DESKTOP-2CVGEN6

2020-07-01 19:30:17,015 ERROR 1604 [-/127.0.0.1/-/3ms POST /v1/order] nodejs.TypeError: Cannot read property 'present_price' of null
    at OperatingGoodsController.order (D:\User\桌面\shopping\server\app\controller\api\operatingGoods.js:184:40)
    at runMicrotasks (<anonymous>)
    at processTicksAndRejections (internal/process/task_queues.js:97:5)
    at async D:\User\桌面\shopping\server\app\middleware\isLogin.js:15:13
    at async D:\User\桌面\shopping\server\node_modules\_egg-development@2.5.0@egg-development\app\middleware\egg_loader_trace.js:9:50
    at async xframe (D:\User\桌面\shopping\server\node_modules\_egg-security@2.8.0@egg-security\lib\middlewares\xframe.js:7:5)
    at async xssProtection (D:\User\桌面\shopping\server\node_modules\_egg-security@2.8.0@egg-security\lib\middlewares\xssProtection.js:7:5)
    at async nosniff (D:\User\桌面\shopping\server\node_modules\_egg-security@2.8.0@egg-security\lib\middlewares\nosniff.js:8:5)
    at async noopen (D:\User\桌面\shopping\server\node_modules\_egg-security@2.8.0@egg-security\lib\middlewares\noopen.js:8:5)
    at async session (D:\User\桌面\shopping\server\node_modules\_koa-session@6.0.0@koa-session\index.js:41:7)
    at async bodyParser (D:\User\桌面\shopping\server\node_modules\_koa-bodyparser@4.3.0@koa-bodyparser\index.js:95:5)
    at async D:\User\桌面\shopping\server\node_modules\_koa-static-cache@5.1.3@koa-static-cache\index.js:39:63
    at async notfound (D:\User\桌面\shopping\server\node_modules\_egg@2.26.1@egg\app\middleware\notfound.js:5:5)
    at async meta (D:\User\桌面\shopping\server\node_modules\_egg@2.26.1@egg\app\middleware\meta.js:12:5)

pid: 1604
hostname: DESKTOP-2CVGEN6

2020-07-01 19:30:36,328 ERROR 1604 [-/127.0.0.1/-/2ms POST /v1/order] nodejs.TypeError: Cannot read property 'present_price' of null
    at OperatingGoodsController.order (D:\User\桌面\shopping\server\app\controller\api\operatingGoods.js:184:40)
    at runMicrotasks (<anonymous>)
    at processTicksAndRejections (internal/process/task_queues.js:97:5)
    at async D:\User\桌面\shopping\server\app\middleware\isLogin.js:15:13
    at async D:\User\桌面\shopping\server\node_modules\_egg-development@2.5.0@egg-development\app\middleware\egg_loader_trace.js:9:50
    at async xframe (D:\User\桌面\shopping\server\node_modules\_egg-security@2.8.0@egg-security\lib\middlewares\xframe.js:7:5)
    at async xssProtection (D:\User\桌面\shopping\server\node_modules\_egg-security@2.8.0@egg-security\lib\middlewares\xssProtection.js:7:5)
    at async nosniff (D:\User\桌面\shopping\server\node_modules\_egg-security@2.8.0@egg-security\lib\middlewares\nosniff.js:8:5)
    at async noopen (D:\User\桌面\shopping\server\node_modules\_egg-security@2.8.0@egg-security\lib\middlewares\noopen.js:8:5)
    at async session (D:\User\桌面\shopping\server\node_modules\_koa-session@6.0.0@koa-session\index.js:41:7)
    at async bodyParser (D:\User\桌面\shopping\server\node_modules\_koa-bodyparser@4.3.0@koa-bodyparser\index.js:95:5)
    at async D:\User\桌面\shopping\server\node_modules\_koa-static-cache@5.1.3@koa-static-cache\index.js:39:63
    at async notfound (D:\User\桌面\shopping\server\node_modules\_egg@2.26.1@egg\app\middleware\notfound.js:5:5)
    at async meta (D:\User\桌面\shopping\server\node_modules\_egg@2.26.1@egg\app\middleware\meta.js:12:5)

pid: 1604
hostname: DESKTOP-2CVGEN6

2020-07-01 19:32:39,734 ERROR 1604 [-/127.0.0.1/-/2ms POST /v1/order] nodejs.TypeError: Cannot read property 'count' of undefined
    at OperatingGoodsController.order (D:\User\桌面\shopping\server\app\controller\api\operatingGoods.js:197:34)
    at runMicrotasks (<anonymous>)
    at processTicksAndRejections (internal/process/task_queues.js:97:5)
    at async D:\User\桌面\shopping\server\app\middleware\isLogin.js:15:13
    at async D:\User\桌面\shopping\server\node_modules\_egg-development@2.5.0@egg-development\app\middleware\egg_loader_trace.js:9:50
    at async xframe (D:\User\桌面\shopping\server\node_modules\_egg-security@2.8.0@egg-security\lib\middlewares\xframe.js:7:5)
    at async xssProtection (D:\User\桌面\shopping\server\node_modules\_egg-security@2.8.0@egg-security\lib\middlewares\xssProtection.js:7:5)
    at async nosniff (D:\User\桌面\shopping\server\node_modules\_egg-security@2.8.0@egg-security\lib\middlewares\nosniff.js:8:5)
    at async noopen (D:\User\桌面\shopping\server\node_modules\_egg-security@2.8.0@egg-security\lib\middlewares\noopen.js:8:5)
    at async session (D:\User\桌面\shopping\server\node_modules\_koa-session@6.0.0@koa-session\index.js:41:7)
    at async bodyParser (D:\User\桌面\shopping\server\node_modules\_koa-bodyparser@4.3.0@koa-bodyparser\index.js:95:5)
    at async D:\User\桌面\shopping\server\node_modules\_koa-static-cache@5.1.3@koa-static-cache\index.js:39:63
    at async notfound (D:\User\桌面\shopping\server\node_modules\_egg@2.26.1@egg\app\middleware\notfound.js:5:5)
    at async meta (D:\User\桌面\shopping\server\node_modules\_egg@2.26.1@egg\app\middleware\meta.js:12:5)

pid: 1604
hostname: DESKTOP-2CVGEN6

2020-07-01 19:34:28,900 ERROR 1604 [-/127.0.0.1/-/6ms POST /v1/order] nodejs.TypeError: Cannot read property 'count' of undefined
    at OperatingGoodsController.order (D:\User\桌面\shopping\server\app\controller\api\operatingGoods.js:197:34)
    at runMicrotasks (<anonymous>)
    at processTicksAndRejections (internal/process/task_queues.js:97:5)
    at async D:\User\桌面\shopping\server\app\middleware\isLogin.js:15:13
    at async D:\User\桌面\shopping\server\node_modules\_egg-development@2.5.0@egg-development\app\middleware\egg_loader_trace.js:9:50
    at async xframe (D:\User\桌面\shopping\server\node_modules\_egg-security@2.8.0@egg-security\lib\middlewares\xframe.js:7:5)
    at async xssProtection (D:\User\桌面\shopping\server\node_modules\_egg-security@2.8.0@egg-security\lib\middlewares\xssProtection.js:7:5)
    at async nosniff (D:\User\桌面\shopping\server\node_modules\_egg-security@2.8.0@egg-security\lib\middlewares\nosniff.js:8:5)
    at async noopen (D:\User\桌面\shopping\server\node_modules\_egg-security@2.8.0@egg-security\lib\middlewares\noopen.js:8:5)
    at async session (D:\User\桌面\shopping\server\node_modules\_koa-session@6.0.0@koa-session\index.js:41:7)
    at async bodyParser (D:\User\桌面\shopping\server\node_modules\_koa-bodyparser@4.3.0@koa-bodyparser\index.js:95:5)
    at async D:\User\桌面\shopping\server\node_modules\_koa-static-cache@5.1.3@koa-static-cache\index.js:39:63
    at async notfound (D:\User\桌面\shopping\server\node_modules\_egg@2.26.1@egg\app\middleware\notfound.js:5:5)
    at async meta (D:\User\桌面\shopping\server\node_modules\_egg@2.26.1@egg\app\middleware\meta.js:12:5)

pid: 1604
hostname: DESKTOP-2CVGEN6

2020-07-01 19:35:38,854 ERROR 1604 [-/127.0.0.1/-/3ms POST /v1/order] nodejs.TypeError: Cannot read property 'count' of undefined
    at OperatingGoodsController.order (D:\User\桌面\shopping\server\app\controller\api\operatingGoods.js:197:34)
    at runMicrotasks (<anonymous>)
    at processTicksAndRejections (internal/process/task_queues.js:97:5)
    at async D:\User\桌面\shopping\server\app\middleware\isLogin.js:15:13
    at async D:\User\桌面\shopping\server\node_modules\_egg-development@2.5.0@egg-development\app\middleware\egg_loader_trace.js:9:50
    at async xframe (D:\User\桌面\shopping\server\node_modules\_egg-security@2.8.0@egg-security\lib\middlewares\xframe.js:7:5)
    at async xssProtection (D:\User\桌面\shopping\server\node_modules\_egg-security@2.8.0@egg-security\lib\middlewares\xssProtection.js:7:5)
    at async nosniff (D:\User\桌面\shopping\server\node_modules\_egg-security@2.8.0@egg-security\lib\middlewares\nosniff.js:8:5)
    at async noopen (D:\User\桌面\shopping\server\node_modules\_egg-security@2.8.0@egg-security\lib\middlewares\noopen.js:8:5)
    at async session (D:\User\桌面\shopping\server\node_modules\_koa-session@6.0.0@koa-session\index.js:41:7)
    at async bodyParser (D:\User\桌面\shopping\server\node_modules\_koa-bodyparser@4.3.0@koa-bodyparser\index.js:95:5)
    at async D:\User\桌面\shopping\server\node_modules\_koa-static-cache@5.1.3@koa-static-cache\index.js:39:63
    at async notfound (D:\User\桌面\shopping\server\node_modules\_egg@2.26.1@egg\app\middleware\notfound.js:5:5)
    at async meta (D:\User\桌面\shopping\server\node_modules\_egg@2.26.1@egg\app\middleware\meta.js:12:5)

pid: 1604
hostname: DESKTOP-2CVGEN6

2020-07-01 19:36:02,686 ERROR 1604 [-/127.0.0.1/-/2ms POST /v1/order] nodejs.TypeError: Cannot read property 'count' of undefined
    at OperatingGoodsController.order (D:\User\桌面\shopping\server\app\controller\api\operatingGoods.js:197:34)
    at runMicrotasks (<anonymous>)
    at processTicksAndRejections (internal/process/task_queues.js:97:5)
    at async D:\User\桌面\shopping\server\app\middleware\isLogin.js:15:13
    at async D:\User\桌面\shopping\server\node_modules\_egg-development@2.5.0@egg-development\app\middleware\egg_loader_trace.js:9:50
    at async xframe (D:\User\桌面\shopping\server\node_modules\_egg-security@2.8.0@egg-security\lib\middlewares\xframe.js:7:5)
    at async xssProtection (D:\User\桌面\shopping\server\node_modules\_egg-security@2.8.0@egg-security\lib\middlewares\xssProtection.js:7:5)
    at async nosniff (D:\User\桌面\shopping\server\node_modules\_egg-security@2.8.0@egg-security\lib\middlewares\nosniff.js:8:5)
    at async noopen (D:\User\桌面\shopping\server\node_modules\_egg-security@2.8.0@egg-security\lib\middlewares\noopen.js:8:5)
    at async session (D:\User\桌面\shopping\server\node_modules\_koa-session@6.0.0@koa-session\index.js:41:7)
    at async bodyParser (D:\User\桌面\shopping\server\node_modules\_koa-bodyparser@4.3.0@koa-bodyparser\index.js:95:5)
    at async D:\User\桌面\shopping\server\node_modules\_koa-static-cache@5.1.3@koa-static-cache\index.js:39:63
    at async notfound (D:\User\桌面\shopping\server\node_modules\_egg@2.26.1@egg\app\middleware\notfound.js:5:5)
    at async meta (D:\User\桌面\shopping\server\node_modules\_egg@2.26.1@egg\app\middleware\meta.js:12:5)

pid: 1604
hostname: DESKTOP-2CVGEN6

2020-07-01 23:53:27,120 ERROR 472 nodejs.ClusterClientNoResponseError: client no response in 14164290ms exceeding maxIdleTime 60000ms, maybe the connection is close on other side.
    at Timeout._onTimeout (D:\User\桌面\shopping\server\node_modules\_cluster-client@3.0.1@cluster-client\lib\leader.js:77:23)
    at listOnTimeout (internal/timers.js:549:17)
    at processTimers (internal/timers.js:492:7)
name: "ClusterClientNoResponseError"
pid: 472
hostname: DESKTOP-2CVGEN6

