2020-06-30 00:19:46,338 INFO 17980 [egg-logrotator] app logger reload: got log-reload message
2020-06-30 08:42:31,790 INFO 16992 [egg:logger] init all loggers with options: {"dir":"D:\\User\\桌面\\shopping\\server\\logs\\server","encoding":"utf8","env":"local","level":"INFO","consoleLevel":"INFO","disableConsoleAfterReady":false,"outputJSON":false,"buffer":true,"appLogName":"server-web.log","coreLogName":"egg-web.log","agentLogName":"egg-agent.log","errorLogName":"common-error.log","coreLogger":{"consoleLevel":"WARN"},"allowDebugAtProd":false,"type":"application"}
2020-06-30 08:42:31,819 INFO 16992 [egg-multipart] stream mode enable
2020-06-30 08:42:32,324 INFO 16992 [egg-mongoose] connecting mongodb://127.0.0.1/shoppingMall
2020-06-30 08:42:32,655 INFO 16992 [egg-static] starting static serve /public/ -> D:\User\桌面\shopping\server\app\public
2020-06-30 08:42:32,658 INFO 16992 [egg-security] use methodnoallow middleware
2020-06-30 08:42:32,659 INFO 16992 [egg-security] use noopen middleware
2020-06-30 08:42:32,660 INFO 16992 [egg-security] use nosniff middleware
2020-06-30 08:42:32,661 INFO 16992 [egg-security] use xssProtection middleware
2020-06-30 08:42:32,662 INFO 16992 [egg-security] use xframe middleware
2020-06-30 08:42:32,662 INFO 16992 [egg-security] use dta middleware
2020-06-30 08:42:32,663 INFO 16992 [egg-security] compose 6 middlewares into one security middleware
2020-06-30 08:42:32,689 INFO 16992 [egg:core] dump config after load, 4ms
2020-06-30 08:42:32,693 INFO 16992 [egg-mongoose] starting...
2020-06-30 08:42:32,757 INFO 16992 [egg-mongoose] mongodb://127.0.0.1/shoppingMall connected successfully
2020-06-30 08:42:32,765 INFO 16992 [egg-mongoose] instance[0] start successfully
2020-06-30 08:42:32,771 INFO 16992 [egg-watcher:application] watcher start success
2020-06-30 08:42:32,782 INFO 16992 [egg:core] dump config after ready, 7ms
2020-06-30 13:30:58,737 WARN 16992 [ClusterClient:Watcher] follower closed, and try to init it again
2020-06-30 21:27:40,843 WARN 16992 [ClusterClient:Watcher] follower closed, and try to init it again
2020-07-01 09:00:22,550 INFO 1604 [egg:logger] init all loggers with options: {"dir":"D:\\User\\桌面\\shopping\\server\\logs\\server","encoding":"utf8","env":"local","level":"INFO","consoleLevel":"INFO","disableConsoleAfterReady":false,"outputJSON":false,"buffer":true,"appLogName":"server-web.log","coreLogName":"egg-web.log","agentLogName":"egg-agent.log","errorLogName":"common-error.log","coreLogger":{"consoleLevel":"WARN"},"allowDebugAtProd":false,"type":"application"}
2020-07-01 09:00:22,578 INFO 1604 [egg-multipart] stream mode enable
2020-07-01 09:00:23,086 INFO 1604 [egg-mongoose] connecting mongodb://127.0.0.1/shoppingMall
2020-07-01 09:00:23,421 INFO 1604 [egg-static] starting static serve /public/ -> D:\User\桌面\shopping\server\app\public
2020-07-01 09:00:23,424 INFO 1604 [egg-security] use methodnoallow middleware
2020-07-01 09:00:23,425 INFO 1604 [egg-security] use noopen middleware
2020-07-01 09:00:23,426 INFO 1604 [egg-security] use nosniff middleware
2020-07-01 09:00:23,427 INFO 1604 [egg-security] use xssProtection middleware
2020-07-01 09:00:23,428 INFO 1604 [egg-security] use xframe middleware
2020-07-01 09:00:23,428 INFO 1604 [egg-security] use dta middleware
2020-07-01 09:00:23,428 INFO 1604 [egg-security] compose 6 middlewares into one security middleware
2020-07-01 09:00:23,454 INFO 1604 [egg:core] dump config after load, 4ms
2020-07-01 09:00:23,457 INFO 1604 [egg-mongoose] starting...
2020-07-01 09:00:23,520 INFO 1604 [egg-mongoose] mongodb://127.0.0.1/shoppingMall connected successfully
2020-07-01 09:00:23,527 INFO 1604 [egg-mongoose] instance[0] start successfully
2020-07-01 09:00:23,535 INFO 1604 [egg-watcher:application] watcher start success
2020-07-01 09:00:23,549 INFO 1604 [egg:core] dump config after ready, 10ms
2020-07-01 13:26:42,046 WARN 1604 [ClusterClient:Watcher] follower closed, and try to init it again
2020-07-01 23:53:27,110 WARN 1604 [ClusterClient:Watcher] follower closed, and try to init it again
2020-07-02 08:34:32,619 INFO 14800 [egg:logger] init all loggers with options: {"dir":"D:\\User\\桌面\\shopping\\server\\logs\\server","encoding":"utf8","env":"local","level":"INFO","consoleLevel":"INFO","disableConsoleAfterReady":false,"outputJSON":false,"buffer":true,"appLogName":"server-web.log","coreLogName":"egg-web.log","agentLogName":"egg-agent.log","errorLogName":"common-error.log","coreLogger":{"consoleLevel":"WARN"},"allowDebugAtProd":false,"type":"application"}
2020-07-02 08:34:32,648 INFO 14800 [egg-multipart] stream mode enable
2020-07-02 08:34:33,165 INFO 14800 [egg-mongoose] connecting mongodb://127.0.0.1/shoppingMall
2020-07-02 08:34:33,496 INFO 14800 [egg-static] starting static serve /public/ -> D:\User\桌面\shopping\server\app\public
2020-07-02 08:34:33,499 INFO 14800 [egg-security] use methodnoallow middleware
2020-07-02 08:34:33,500 INFO 14800 [egg-security] use noopen middleware
2020-07-02 08:34:33,501 INFO 14800 [egg-security] use nosniff middleware
2020-07-02 08:34:33,502 INFO 14800 [egg-security] use xssProtection middleware
2020-07-02 08:34:33,503 INFO 14800 [egg-security] use xframe middleware
2020-07-02 08:34:33,503 INFO 14800 [egg-security] use dta middleware
2020-07-02 08:34:33,503 INFO 14800 [egg-security] compose 6 middlewares into one security middleware
2020-07-02 08:34:33,529 INFO 14800 [egg:core] dump config after load, 5ms
2020-07-02 08:34:33,533 INFO 14800 [egg-mongoose] starting...
2020-07-02 08:34:33,579 INFO 14800 [egg-mongoose] mongodb://127.0.0.1/shoppingMall connected successfully
2020-07-02 08:34:33,585 INFO 14800 [egg-mongoose] instance[0] start successfully
2020-07-02 08:34:33,592 INFO 14800 [egg-watcher:application] watcher start success
2020-07-02 08:34:33,604 INFO 14800 [egg:core] dump config after ready, 6ms
2020-07-02 13:27:40,569 WARN 14800 [ClusterClient:Watcher] follower closed, and try to init it again
